<?xml version="1.0" encoding="UTF-8"?>
<!-- Generated by org.testng.reporters.JUnitReportReporter -->
<testsuite skipped="0" hostname="suman" name="ses.Wel" tests="1" failures="0" timestamp="08 Apr 2018 09:51:11 GMT" time="0.012" errors="0">
  <testcase name="testloginscreen" time="0.012" classname="ses.Wel"/>
</testsuite> <!-- ses.Wel -->
