<?xml version="1.0" encoding="UTF-8"?>
<!-- Generated by org.testng.reporters.JUnitReportReporter -->
<testsuite skipped="0" hostname="suman" name="Evs" tests="1" failures="0" timestamp="09 May 2018 12:37:27 GMT" time="0.014" errors="0">
  <testcase name="test" time="0.014" classname="Evs"/>
</testsuite> <!-- Evs -->
