<?xml version="1.0" encoding="UTF-8"?>
<!-- Generated by org.testng.reporters.JUnitReportReporter -->
<testsuite skipped="0" hostname="suman" name="Evs" tests="1" failures="0" timestamp="14 Jul 2019 10:56:07 GMT" time="0.013" errors="0">
  <testcase name="test" time="0.013" classname="Evs"/>
</testsuite> <!-- Evs -->
