<?xml version="1.0" encoding="UTF-8"?>
<!-- Generated by org.testng.reporters.JUnitReportReporter -->
<testsuite skipped="0" hostname="suman" name="Sev" tests="1" failures="0" timestamp="09 May 2018 12:25:10 GMT" time="0.012" errors="0">
  <testcase name="testlogin" time="0.012" classname="Sev"/>
</testsuite> <!-- Sev -->
